<html>
<head>
<title>TestNG:  Automation-Testing</title>
<link href="../testng.css" rel="stylesheet" type="text/css" />
<link href="../my-testng.css" rel="stylesheet" type="text/css" />

<style type="text/css">
.log { display: none;} 
.stack-trace { display: none;} 
</style>
<script type="text/javascript">
<!--
function flip(e) {
  current = e.style.display;
  if (current == 'block') {
    e.style.display = 'none';
    return 0;
  }
  else {
    e.style.display = 'block';
    return 1;
  }
}

function toggleBox(szDivId, elem, msg1, msg2)
{
  var res = -1;  if (document.getElementById) {
    res = flip(document.getElementById(szDivId));
  }
  else if (document.all) {
    // this is the way old msie versions work
    res = flip(document.all[szDivId]);
  }
  if(elem) {
    if(res == 0) elem.innerHTML = msg1; else elem.innerHTML = msg2;
  }

}

function toggleAllBoxes() {
  if (document.getElementsByTagName) {
    d = document.getElementsByTagName('div');
    for (i = 0; i < d.length; i++) {
      if (d[i].className == 'log') {
        flip(d[i]);
      }
    }
  }
}

// -->
</script>

</head>
<body>
<h2 align='center'>Automation-Testing</h2><table border='1' align="center">
<tr>
<td>Tests passed/Failed/Skipped:</td><td>23/1/3</td>
</tr><tr>
<td>Started on:</td><td>Mon Apr 04 16:14:42 IST 2022</td>
</tr>
<tr><td>Total time:</td><td>504 seconds (504728 ms)</td>
</tr><tr>
<td>Included groups:</td><td></td>
</tr><tr>
<td>Excluded groups:</td><td></td>
</tr>
</table><p/>
<small><i>(Hover the method name to see the test class name)</i></small><p/>
<table width='100%' border='1' class='invocation-failed'>
<tr><td colspan='4' align='center'><b>FAILED TESTS</b></td></tr>
<tr><td><b>Test method</b></td>
<td width="30%"><b>Exception</b></td>
<td width="10%"><b>Time (seconds)</b></td>
<td><b>Instance</b></td>
</tr>
<tr>
<td title='com.demo.testcases.LoginPageTest.loginTest()'><b>loginTest</b><br>Test class: com.demo.testcases.LoginPageTest<br>Parameters: abc, abc</td>
<td><div><pre>java.lang.AssertionError: expected [https://www.saucedemo.com/inventory.html] but found [https://www.saucedemo.com/]
	at com.demo.testcases.LoginPageTest.loginTest(LoginPageTest.java:46)
	at java.base/java.util.ArrayList.forEach(ArrayList.java:1541)
... Removed 33 stack frames</pre></div><a href='#' onClick='toggleBox("stack-trace1742798189", this, "Click to show all stack frames", "Click to hide stack frames")'>Click to show all stack frames</a>
<div class='stack-trace' id='stack-trace1742798189'><pre>java.lang.AssertionError: expected [https://www.saucedemo.com/inventory.html] but found [https://www.saucedemo.com/]
	at org.testng.Assert.fail(Assert.java:99)
	at org.testng.Assert.failNotEquals(Assert.java:1037)
	at org.testng.Assert.assertEqualsImpl(Assert.java:140)
	at org.testng.Assert.assertEquals(Assert.java:122)
	at org.testng.Assert.assertEquals(Assert.java:629)
	at org.testng.Assert.assertEquals(Assert.java:639)
	at com.demo.testcases.LoginPageTest.loginTest(LoginPageTest.java:46)
	at java.base/jdk.internal.reflect.NativeMethodAccessorImpl.invoke0(Native Method)
	at java.base/jdk.internal.reflect.NativeMethodAccessorImpl.invoke(NativeMethodAccessorImpl.java:62)
	at java.base/jdk.internal.reflect.DelegatingMethodAccessorImpl.invoke(DelegatingMethodAccessorImpl.java:43)
	at java.base/java.lang.reflect.Method.invoke(Method.java:566)
	at org.testng.internal.MethodInvocationHelper.invokeMethod(MethodInvocationHelper.java:133)
	at org.testng.internal.TestInvoker.invokeMethod(TestInvoker.java:598)
	at org.testng.internal.TestInvoker.invokeTestMethod(TestInvoker.java:173)
	at org.testng.internal.MethodRunner.runInSequence(MethodRunner.java:46)
	at org.testng.internal.TestInvoker$MethodInvocationAgent.invoke(TestInvoker.java:824)
	at org.testng.internal.TestInvoker.invokeTestMethods(TestInvoker.java:146)
	at org.testng.internal.TestMethodWorker.invokeTestMethods(TestMethodWorker.java:146)
	at org.testng.internal.TestMethodWorker.run(TestMethodWorker.java:128)
	at java.base/java.util.ArrayList.forEach(ArrayList.java:1541)
	at org.testng.TestRunner.privateRun(TestRunner.java:794)
	at org.testng.TestRunner.run(TestRunner.java:596)
	at org.testng.SuiteRunner.runTest(SuiteRunner.java:377)
	at org.testng.SuiteRunner.runSequentially(SuiteRunner.java:371)
	at org.testng.SuiteRunner.privateRun(SuiteRunner.java:332)
	at org.testng.SuiteRunner.run(SuiteRunner.java:276)
	at org.testng.SuiteRunnerWorker.runSuite(SuiteRunnerWorker.java:53)
	at org.testng.SuiteRunnerWorker.run(SuiteRunnerWorker.java:96)
	at org.testng.TestNG.runSuitesSequentially(TestNG.java:1212)
	at org.testng.TestNG.runSuitesLocally(TestNG.java:1134)
	at org.testng.TestNG.runSuites(TestNG.java:1063)
	at org.testng.TestNG.run(TestNG.java:1031)
	at org.testng.remote.AbstractRemoteTestNG.run(AbstractRemoteTestNG.java:115)
	at org.testng.remote.RemoteTestNG.initAndRun(RemoteTestNG.java:251)
	at org.testng.remote.RemoteTestNG.main(RemoteTestNG.java:77)
</pre></div></td>
<td>4</td>
<td>com.demo.testcases.LoginPageTest@24f360b2</td></tr>
</table><p>
<table width='100%' border='1' class='invocation-passed'>
<tr><td colspan='4' align='center'><b>PASSED TESTS</b></td></tr>
<tr><td><b>Test method</b></td>
<td width="30%"><b>Exception</b></td>
<td width="10%"><b>Time (seconds)</b></td>
<td><b>Instance</b></td>
</tr>
<tr>
<td title='com.demo.testcases.HomePageTest.verifyClickOnAddToCart()'><b>verifyClickOnAddToCart</b><br>Test class: com.demo.testcases.HomePageTest</td>
<td></td>
<td>7</td>
<td>com.demo.testcases.HomePageTest@7a11c4c7</td></tr>
<tr>
<td title='com.demo.testcases.CkOutOverviewTest.VerifyclickOnFinish()'><b>VerifyclickOnFinish</b><br>Test class: com.demo.testcases.CkOutOverviewTest</td>
<td></td>
<td>16</td>
<td>com.demo.testcases.CkOutOverviewTest@4152d38d</td></tr>
<tr>
<td title='com.demo.testcases.YourCartTest.VerifyclickOnContinueShopping()'><b>VerifyclickOnContinueShopping</b><br>Test class: com.demo.testcases.YourCartTest</td>
<td></td>
<td>13</td>
<td>com.demo.testcases.YourCartTest@4cc547a</td></tr>
<tr>
<td title='com.demo.testcases.CkOutOverviewTest.VerifyTotalAmountInfo()'><b>VerifyTotalAmountInfo</b><br>Test class: com.demo.testcases.CkOutOverviewTest</td>
<td></td>
<td>15</td>
<td>com.demo.testcases.CkOutOverviewTest@4152d38d</td></tr>
<tr>
<td title='com.demo.testcases.CkOutOverviewTest.VerifySauceCardPayment()'><b>VerifySauceCardPayment</b><br>Test class: com.demo.testcases.CkOutOverviewTest</td>
<td></td>
<td>14</td>
<td>com.demo.testcases.CkOutOverviewTest@4152d38d</td></tr>
<tr>
<td title='com.demo.testcases.YourCartTest.VerifyclickOnRemove()'><b>VerifyclickOnRemove</b><br>Test class: com.demo.testcases.YourCartTest</td>
<td></td>
<td>13</td>
<td>com.demo.testcases.YourCartTest@4cc547a</td></tr>
<tr>
<td title='com.demo.testcases.CheckoutTest.verifyCancelButton()'><b>verifyCancelButton</b><br>Test class: com.demo.testcases.CheckoutTest</td>
<td></td>
<td>14</td>
<td>com.demo.testcases.CheckoutTest@7555b920</td></tr>
<tr>
<td title='com.demo.testcases.CkOutCompleteTest.VerifyThankUforOrderDispaly()'><b>VerifyThankUforOrderDispaly</b><br>Test class: com.demo.testcases.CkOutCompleteTest</td>
<td></td>
<td>15</td>
<td>com.demo.testcases.CkOutCompleteTest@3591009c</td></tr>
<tr>
<td title='com.demo.testcases.LoginPageTest.loginTest()'><b>loginTest</b><br>Test class: com.demo.testcases.LoginPageTest<br>Parameters: standard_user, secret_sauce</td>
<td></td>
<td>4</td>
<td>com.demo.testcases.LoginPageTest@24f360b2</td></tr>
<tr>
<td title='com.demo.testcases.HomePageTest.verifyProductTitle()'><b>verifyProductTitle</b><br>Test class: com.demo.testcases.HomePageTest</td>
<td></td>
<td>2</td>
<td>com.demo.testcases.HomePageTest@7a11c4c7</td></tr>
<tr>
<td title='com.demo.testcases.CkOutOverviewTest.VerifyInvITemName()'><b>VerifyInvITemName</b><br>Test class: com.demo.testcases.CkOutOverviewTest</td>
<td></td>
<td>14</td>
<td>com.demo.testcases.CkOutOverviewTest@4152d38d</td></tr>
<tr>
<td title='com.demo.testcases.CkOutCompleteTest.VerifyclickOnHomeButton()'><b>VerifyclickOnHomeButton</b><br>Test class: com.demo.testcases.CkOutCompleteTest</td>
<td></td>
<td>15</td>
<td>com.demo.testcases.CkOutCompleteTest@3591009c</td></tr>
<tr>
<td title='com.demo.testcases.YourCartTest.VerifyclickOnCheckout()'><b>VerifyclickOnCheckout</b><br>Test class: com.demo.testcases.YourCartTest</td>
<td></td>
<td>13</td>
<td>com.demo.testcases.YourCartTest@4cc547a</td></tr>
<tr>
<td title='com.demo.testcases.YourCartTest.VerifyProductInCart()'><b>VerifyProductInCart</b><br>Test class: com.demo.testcases.YourCartTest</td>
<td></td>
<td>4</td>
<td>com.demo.testcases.YourCartTest@4cc547a</td></tr>
<tr>
<td title='com.demo.testcases.CkOutCompleteTest.VerifyPonyExpressImage()'><b>VerifyPonyExpressImage</b><br>Test class: com.demo.testcases.CkOutCompleteTest</td>
<td></td>
<td>17</td>
<td>com.demo.testcases.CkOutCompleteTest@3591009c</td></tr>
<tr>
<td title='com.demo.testcases.HomePageTest.verifyProductPrice()'><b>verifyProductPrice</b><br>Test class: com.demo.testcases.HomePageTest</td>
<td></td>
<td>2</td>
<td>com.demo.testcases.HomePageTest@7a11c4c7</td></tr>
<tr>
<td title='com.demo.testcases.HomePageTest.verifyLogo()'><b>verifyLogo</b><br>Test class: com.demo.testcases.HomePageTest</td>
<td></td>
<td>2</td>
<td>com.demo.testcases.HomePageTest@7a11c4c7</td></tr>
<tr>
<td title='com.demo.testcases.CkOutOverviewTest.VerifyDeliveryNameInfo()'><b>VerifyDeliveryNameInfo</b><br>Test class: com.demo.testcases.CkOutOverviewTest</td>
<td></td>
<td>14</td>
<td>com.demo.testcases.CkOutOverviewTest@4152d38d</td></tr>
<tr>
<td title='com.demo.testcases.HomePageTest.verifyTitle()'><b>verifyTitle</b><br>Test class: com.demo.testcases.HomePageTest</td>
<td></td>
<td>0</td>
<td>com.demo.testcases.HomePageTest@7a11c4c7</td></tr>
<tr>
<td title='com.demo.testcases.HomePageTest.verifyProductImg()'><b>verifyProductImg</b><br>Test class: com.demo.testcases.HomePageTest</td>
<td></td>
<td>2</td>
<td>com.demo.testcases.HomePageTest@7a11c4c7</td></tr>
<tr>
<td title='com.demo.testcases.CheckoutTest.verifyCheckoutUserCredInfo()'><b>verifyCheckoutUserCredInfo</b><br>Test class: com.demo.testcases.CheckoutTest<br>Parameters: bhaskar, jaiswal, 401007.0</td>
<td></td>
<td>14</td>
<td>com.demo.testcases.CheckoutTest@7555b920</td></tr>
<tr>
<td title='com.demo.testcases.CkOutOverviewTest.VerifycartQuantity()'><b>VerifycartQuantity</b><br>Test class: com.demo.testcases.CkOutOverviewTest</td>
<td></td>
<td>16</td>
<td>com.demo.testcases.CkOutOverviewTest@4152d38d</td></tr>
<tr>
<td title='com.demo.testcases.HomePageTest.verifyCurrentURL()'><b>verifyCurrentURL</b><br>Test class: com.demo.testcases.HomePageTest</td>
<td></td>
<td>2</td>
<td>com.demo.testcases.HomePageTest@7a11c4c7</td></tr>
</table><p>
<table width='100%' border='1' class='invocation-skipped'>
<tr><td colspan='4' align='center'><b>SKIPPED TESTS</b></td></tr>
<tr><td><b>Test method</b></td>
<td width="30%"><b>Exception</b></td>
<td width="10%"><b>Time (seconds)</b></td>
<td><b>Instance</b></td>
</tr>
<tr>
<td title='com.demo.testcases.CkOutOverviewTest.VerifyPaymentInformation()'><b>VerifyPaymentInformation</b><br>Test class: com.demo.testcases.CkOutOverviewTest</td>
<td><div><pre>org.testng.SkipException: Skip this steps
	at com.demo.testcases.CkOutOverviewTest.VerifyPaymentInformation(CkOutOverviewTest.java:103)
	at java.base/java.util.ArrayList.forEach(ArrayList.java:1541)
... Removed 27 stack frames</pre></div><a href='#' onClick='toggleBox("stack-trace134963352", this, "Click to show all stack frames", "Click to hide stack frames")'>Click to show all stack frames</a>
<div class='stack-trace' id='stack-trace134963352'><pre>org.testng.SkipException: Skip this steps
	at com.demo.testcases.CkOutOverviewTest.VerifyPaymentInformation(CkOutOverviewTest.java:103)
	at java.base/jdk.internal.reflect.NativeMethodAccessorImpl.invoke0(Native Method)
	at java.base/jdk.internal.reflect.NativeMethodAccessorImpl.invoke(NativeMethodAccessorImpl.java:62)
	at java.base/jdk.internal.reflect.DelegatingMethodAccessorImpl.invoke(DelegatingMethodAccessorImpl.java:43)
	at java.base/java.lang.reflect.Method.invoke(Method.java:566)
	at org.testng.internal.MethodInvocationHelper.invokeMethod(MethodInvocationHelper.java:133)
	at org.testng.internal.TestInvoker.invokeMethod(TestInvoker.java:598)
	at org.testng.internal.TestInvoker.invokeTestMethod(TestInvoker.java:173)
	at org.testng.internal.MethodRunner.runInSequence(MethodRunner.java:46)
	at org.testng.internal.TestInvoker$MethodInvocationAgent.invoke(TestInvoker.java:824)
	at org.testng.internal.TestInvoker.invokeTestMethods(TestInvoker.java:146)
	at org.testng.internal.TestMethodWorker.invokeTestMethods(TestMethodWorker.java:146)
	at org.testng.internal.TestMethodWorker.run(TestMethodWorker.java:128)
	at java.base/java.util.ArrayList.forEach(ArrayList.java:1541)
	at org.testng.TestRunner.privateRun(TestRunner.java:794)
	at org.testng.TestRunner.run(TestRunner.java:596)
	at org.testng.SuiteRunner.runTest(SuiteRunner.java:377)
	at org.testng.SuiteRunner.runSequentially(SuiteRunner.java:371)
	at org.testng.SuiteRunner.privateRun(SuiteRunner.java:332)
	at org.testng.SuiteRunner.run(SuiteRunner.java:276)
	at org.testng.SuiteRunnerWorker.runSuite(SuiteRunnerWorker.java:53)
	at org.testng.SuiteRunnerWorker.run(SuiteRunnerWorker.java:96)
	at org.testng.TestNG.runSuitesSequentially(TestNG.java:1212)
	at org.testng.TestNG.runSuitesLocally(TestNG.java:1134)
	at org.testng.TestNG.runSuites(TestNG.java:1063)
	at org.testng.TestNG.run(TestNG.java:1031)
	at org.testng.remote.AbstractRemoteTestNG.run(AbstractRemoteTestNG.java:115)
	at org.testng.remote.RemoteTestNG.initAndRun(RemoteTestNG.java:251)
	at org.testng.remote.RemoteTestNG.main(RemoteTestNG.java:77)
</pre></div></td>
<td>16</td>
<td>com.demo.testcases.CkOutOverviewTest@4152d38d</td></tr>
<tr>
<td title='com.demo.testcases.CkOutOverviewTest.VerifyShippingInfo()'><b>VerifyShippingInfo</b><br>Test class: com.demo.testcases.CkOutOverviewTest</td>
<td><div><pre>org.testng.SkipException: Skip this steps
	at com.demo.testcases.CkOutOverviewTest.VerifyShippingInfo(CkOutOverviewTest.java:147)
	at java.base/java.util.ArrayList.forEach(ArrayList.java:1541)
... Removed 27 stack frames</pre></div><a href='#' onClick='toggleBox("stack-trace1327733366", this, "Click to show all stack frames", "Click to hide stack frames")'>Click to show all stack frames</a>
<div class='stack-trace' id='stack-trace1327733366'><pre>org.testng.SkipException: Skip this steps
	at com.demo.testcases.CkOutOverviewTest.VerifyShippingInfo(CkOutOverviewTest.java:147)
	at java.base/jdk.internal.reflect.NativeMethodAccessorImpl.invoke0(Native Method)
	at java.base/jdk.internal.reflect.NativeMethodAccessorImpl.invoke(NativeMethodAccessorImpl.java:62)
	at java.base/jdk.internal.reflect.DelegatingMethodAccessorImpl.invoke(DelegatingMethodAccessorImpl.java:43)
	at java.base/java.lang.reflect.Method.invoke(Method.java:566)
	at org.testng.internal.MethodInvocationHelper.invokeMethod(MethodInvocationHelper.java:133)
	at org.testng.internal.TestInvoker.invokeMethod(TestInvoker.java:598)
	at org.testng.internal.TestInvoker.invokeTestMethod(TestInvoker.java:173)
	at org.testng.internal.MethodRunner.runInSequence(MethodRunner.java:46)
	at org.testng.internal.TestInvoker$MethodInvocationAgent.invoke(TestInvoker.java:824)
	at org.testng.internal.TestInvoker.invokeTestMethods(TestInvoker.java:146)
	at org.testng.internal.TestMethodWorker.invokeTestMethods(TestMethodWorker.java:146)
	at org.testng.internal.TestMethodWorker.run(TestMethodWorker.java:128)
	at java.base/java.util.ArrayList.forEach(ArrayList.java:1541)
	at org.testng.TestRunner.privateRun(TestRunner.java:794)
	at org.testng.TestRunner.run(TestRunner.java:596)
	at org.testng.SuiteRunner.runTest(SuiteRunner.java:377)
	at org.testng.SuiteRunner.runSequentially(SuiteRunner.java:371)
	at org.testng.SuiteRunner.privateRun(SuiteRunner.java:332)
	at org.testng.SuiteRunner.run(SuiteRunner.java:276)
	at org.testng.SuiteRunnerWorker.runSuite(SuiteRunnerWorker.java:53)
	at org.testng.SuiteRunnerWorker.run(SuiteRunnerWorker.java:96)
	at org.testng.TestNG.runSuitesSequentially(TestNG.java:1212)
	at org.testng.TestNG.runSuitesLocally(TestNG.java:1134)
	at org.testng.TestNG.runSuites(TestNG.java:1063)
	at org.testng.TestNG.run(TestNG.java:1031)
	at org.testng.remote.AbstractRemoteTestNG.run(AbstractRemoteTestNG.java:115)
	at org.testng.remote.RemoteTestNG.initAndRun(RemoteTestNG.java:251)
	at org.testng.remote.RemoteTestNG.main(RemoteTestNG.java:77)
</pre></div></td>
<td>15</td>
<td>com.demo.testcases.CkOutOverviewTest@4152d38d</td></tr>
<tr>
<td title='com.demo.testcases.CkOutOverviewTest.VerifyclickOnCancel()'><b>VerifyclickOnCancel</b><br>Test class: com.demo.testcases.CkOutOverviewTest</td>
<td><div><pre>org.testng.SkipException: Skip this steps
	at com.demo.testcases.CkOutOverviewTest.VerifyclickOnCancel(CkOutOverviewTest.java:213)
	at java.base/java.util.ArrayList.forEach(ArrayList.java:1541)
... Removed 27 stack frames</pre></div><a href='#' onClick='toggleBox("stack-trace1339600638", this, "Click to show all stack frames", "Click to hide stack frames")'>Click to show all stack frames</a>
<div class='stack-trace' id='stack-trace1339600638'><pre>org.testng.SkipException: Skip this steps
	at com.demo.testcases.CkOutOverviewTest.VerifyclickOnCancel(CkOutOverviewTest.java:213)
	at java.base/jdk.internal.reflect.NativeMethodAccessorImpl.invoke0(Native Method)
	at java.base/jdk.internal.reflect.NativeMethodAccessorImpl.invoke(NativeMethodAccessorImpl.java:62)
	at java.base/jdk.internal.reflect.DelegatingMethodAccessorImpl.invoke(DelegatingMethodAccessorImpl.java:43)
	at java.base/java.lang.reflect.Method.invoke(Method.java:566)
	at org.testng.internal.MethodInvocationHelper.invokeMethod(MethodInvocationHelper.java:133)
	at org.testng.internal.TestInvoker.invokeMethod(TestInvoker.java:598)
	at org.testng.internal.TestInvoker.invokeTestMethod(TestInvoker.java:173)
	at org.testng.internal.MethodRunner.runInSequence(MethodRunner.java:46)
	at org.testng.internal.TestInvoker$MethodInvocationAgent.invoke(TestInvoker.java:824)
	at org.testng.internal.TestInvoker.invokeTestMethods(TestInvoker.java:146)
	at org.testng.internal.TestMethodWorker.invokeTestMethods(TestMethodWorker.java:146)
	at org.testng.internal.TestMethodWorker.run(TestMethodWorker.java:128)
	at java.base/java.util.ArrayList.forEach(ArrayList.java:1541)
	at org.testng.TestRunner.privateRun(TestRunner.java:794)
	at org.testng.TestRunner.run(TestRunner.java:596)
	at org.testng.SuiteRunner.runTest(SuiteRunner.java:377)
	at org.testng.SuiteRunner.runSequentially(SuiteRunner.java:371)
	at org.testng.SuiteRunner.privateRun(SuiteRunner.java:332)
	at org.testng.SuiteRunner.run(SuiteRunner.java:276)
	at org.testng.SuiteRunnerWorker.runSuite(SuiteRunnerWorker.java:53)
	at org.testng.SuiteRunnerWorker.run(SuiteRunnerWorker.java:96)
	at org.testng.TestNG.runSuitesSequentially(TestNG.java:1212)
	at org.testng.TestNG.runSuitesLocally(TestNG.java:1134)
	at org.testng.TestNG.runSuites(TestNG.java:1063)
	at org.testng.TestNG.run(TestNG.java:1031)
	at org.testng.remote.AbstractRemoteTestNG.run(AbstractRemoteTestNG.java:115)
	at org.testng.remote.RemoteTestNG.initAndRun(RemoteTestNG.java:251)
	at org.testng.remote.RemoteTestNG.main(RemoteTestNG.java:77)
</pre></div></td>
<td>17</td>
<td>com.demo.testcases.CkOutOverviewTest@4152d38d</td></tr>
</table><p>
</body>
</html>