<?xml version="1.0" encoding="UTF-8"?>
<!-- Generated by org.testng.reporters.JUnitXMLReporter -->
<testsuite ignored="0" hostname="bjaiswal" failures="1" tests="27" name="Automation-Testing" time="504.728" errors="0" timestamp="2022-04-04T16:23:07 IST">
  <testcase classname="com.demo.testcases.LoginPageTest" name="loginTest" time="4.136"/>
  <testcase classname="com.demo.testcases.LoginPageTest" name="loginTest" time="4.336">
    <failure type="java.lang.AssertionError" message="expected [https://www.saucedemo.com/inventory.html] but found [https://www.saucedemo.com/]">
      <![CDATA[java.lang.AssertionError: expected [https://www.saucedemo.com/inventory.html] but found [https://www.saucedemo.com/]
at com.demo.testcases.LoginPageTest.loginTest(LoginPageTest.java:46)
at java.base/java.util.ArrayList.forEach(ArrayList.java:1541)
... Removed 33 stack frames]]>
    </failure>
  </testcase> <!-- loginTest -->
  <testcase classname="com.demo.testcases.HomePageTest" name="verifyClickOnAddToCart" time="7.683"/>
  <testcase classname="com.demo.testcases.HomePageTest" name="verifyCurrentURL" time="2.468"/>
  <testcase classname="com.demo.testcases.HomePageTest" name="verifyLogo" time="2.581"/>
  <testcase classname="com.demo.testcases.HomePageTest" name="verifyProductImg" time="2.588"/>
  <testcase classname="com.demo.testcases.HomePageTest" name="verifyProductPrice" time="2.585"/>
  <testcase classname="com.demo.testcases.HomePageTest" name="verifyProductTitle" time="2.56"/>
  <testcase classname="com.demo.testcases.HomePageTest" name="verifyTitle" time="0.009"/>
  <testcase classname="com.demo.testcases.YourCartTest" name="VerifyProductInCart" time="4.865"/>
  <testcase classname="com.demo.testcases.YourCartTest" name="VerifyclickOnCheckout" time="13.689"/>
  <testcase classname="com.demo.testcases.YourCartTest" name="VerifyclickOnContinueShopping" time="13.938"/>
  <testcase classname="com.demo.testcases.YourCartTest" name="VerifyclickOnRemove" time="13.068"/>
  <testcase classname="com.demo.testcases.CheckoutTest" name="verifyCancelButton" time="14.739"/>
  <testcase classname="com.demo.testcases.CheckoutTest" name="verifyCheckoutUserCredInfo" time="14.042"/>
  <testcase classname="com.demo.testcases.CkOutOverviewTest" name="VerifyDeliveryNameInfo" time="14.493"/>
  <testcase classname="com.demo.testcases.CkOutOverviewTest" name="VerifyInvITemName" time="14.056"/>
  <testcase classname="com.demo.testcases.CkOutOverviewTest" name="VerifyPaymentInformation" time="16.644">
    <skipped/>
  </testcase> <!-- VerifyPaymentInformation -->
  <testcase classname="com.demo.testcases.CkOutOverviewTest" name="VerifySauceCardPayment" time="14.915"/>
  <testcase classname="com.demo.testcases.CkOutOverviewTest" name="VerifyShippingInfo" time="15.162">
    <skipped/>
  </testcase> <!-- VerifyShippingInfo -->
  <testcase classname="com.demo.testcases.CkOutOverviewTest" name="VerifyTotalAmountInfo" time="15.446"/>
  <testcase classname="com.demo.testcases.CkOutOverviewTest" name="VerifycartQuantity" time="16.101"/>
  <testcase classname="com.demo.testcases.CkOutOverviewTest" name="VerifyclickOnCancel" time="17.877">
    <skipped/>
  </testcase> <!-- VerifyclickOnCancel -->
  <testcase classname="com.demo.testcases.CkOutOverviewTest" name="VerifyclickOnFinish" time="16.261"/>
  <testcase classname="com.demo.testcases.CkOutCompleteTest" name="VerifyPonyExpressImage" time="17.154"/>
  <testcase classname="com.demo.testcases.CkOutCompleteTest" name="VerifyThankUforOrderDispaly" time="15.813"/>
  <testcase classname="com.demo.testcases.CkOutCompleteTest" name="VerifyclickOnHomeButton" time="15.881"/>
</testsuite> <!-- Automation-Testing -->
