<?xml version="1.0" encoding="UTF-8"?>
<!-- Generated by org.testng.reporters.JUnitXMLReporter -->
<testsuite ignored="0" hostname="bjaiswal" failures="3" tests="15" name="Test" time="188.287" errors="0" timestamp="2022-03-30T15:40:53 IST">
  <testcase classname="com.demo.testcases.LoginPageTest" name="loginTest" time="4.53"/>
  <testcase classname="com.demo.testcases.LoginPageTest" name="loginTest" time="4.323">
    <failure type="java.lang.AssertionError" message="expected [https://www.saucedemo.com/inventory.html] but found [https://www.saucedemo.com/]">
      <![CDATA[java.lang.AssertionError: expected [https://www.saucedemo.com/inventory.html] but found [https://www.saucedemo.com/]
at com.demo.testcases.LoginPageTest.loginTest(LoginPageTest.java:44)
at java.base/java.util.ArrayList.forEach(ArrayList.java:1541)
... Removed 33 stack frames]]>
    </failure>
  </testcase> <!-- loginTest -->
  <testcase classname="com.demo.testcases.LoginPageTest" name="loginTest" time="4.857">
    <failure type="java.lang.AssertionError" message="expected [https://www.saucedemo.com/inventory.html] but found [https://www.saucedemo.com/]">
      <![CDATA[java.lang.AssertionError: expected [https://www.saucedemo.com/inventory.html] but found [https://www.saucedemo.com/]
at com.demo.testcases.LoginPageTest.loginTest(LoginPageTest.java:44)
at java.base/java.util.ArrayList.forEach(ArrayList.java:1541)
... Removed 33 stack frames]]>
    </failure>
  </testcase> <!-- loginTest -->
  <testcase classname="com.demo.testcases.LoginPageTest" name="loginTest" time="4.428">
    <failure type="java.lang.AssertionError" message="expected [https://www.saucedemo.com/inventory.html] but found [https://www.saucedemo.com/]">
      <![CDATA[java.lang.AssertionError: expected [https://www.saucedemo.com/inventory.html] but found [https://www.saucedemo.com/]
at com.demo.testcases.LoginPageTest.loginTest(LoginPageTest.java:44)
at java.base/java.util.ArrayList.forEach(ArrayList.java:1541)
... Removed 33 stack frames]]>
    </failure>
  </testcase> <!-- loginTest -->
  <testcase classname="com.demo.testcases.HomePageTest" name="verifyClickOnAddToCart" time="7.703"/>
  <testcase classname="com.demo.testcases.HomePageTest" name="verifyCurrentURL" time="2.475"/>
  <testcase classname="com.demo.testcases.HomePageTest" name="verifyLogo" time="2.562"/>
  <testcase classname="com.demo.testcases.HomePageTest" name="verifyProductImg" time="2.584"/>
  <testcase classname="com.demo.testcases.HomePageTest" name="verifyProductPrice" time="2.51"/>
  <testcase classname="com.demo.testcases.HomePageTest" name="verifyProductTitle" time="2.54"/>
  <testcase classname="com.demo.testcases.HomePageTest" name="verifyTitle" time="0.01"/>
  <testcase classname="com.demo.testcases.YourCartTest" name="VerifyProductInCart" time="12.854"/>
  <testcase classname="com.demo.testcases.YourCartTest" name="VerifyclickOnCheckout" time="13.384"/>
  <testcase classname="com.demo.testcases.YourCartTest" name="VerifyclickOnContinueShopping" time="13.405"/>
  <testcase classname="com.demo.testcases.YourCartTest" name="VerifyclickOnRemove" time="12.931"/>
</testsuite> <!-- Test -->
